# JRE version: Java(TM) SE Runtime Environment (8.0_301-b09) (build 1.8.0_301-b09)
# Java VM: Java HotSpot(TM) 64-Bit Server VM (25.301-b09 mixed mode windows-amd64 compressed oops)
Heap:
 PSYoungGen      total 71168K, used 40284K [0x00000000eb400000, 0x00000000f0200000, 0x0000000100000000)
  eden space 64000K, 62% used [0x00000000eb400000,0x00000000edb57088,0x00000000ef280000)
  from space 7168K, 0% used [0x00000000ef280000,0x00000000ef280000,0x00000000ef980000)
  to   space 5632K, 0% used [0x00000000ef980000,0x00000000ef980000,0x00000000eff00000)
 ParOldGen       total 28160K, used 6251K [0x00000000c1c00000, 0x00000000c3780000, 0x00000000eb400000)
  object space 28160K, 22% used [0x00000000c1c00000,0x00000000c221add8,0x00000000c3780000)
 Metaspace       used 25527K, capacity 26202K, committed 26240K, reserved 1073152K
  class space    used 3281K, capacity 3452K, committed 3456K, reserved 1048576K
GC Heap History (10 events):
Event: 23.700 GC heap before
{Heap before GC invocations=4 (full 0):
 PSYoungGen      total 18944K, used 18940K [0x00000000eb400000, 0x00000000ed900000, 0x0000000100000000)
  eden space 16384K, 100% used [0x00000000eb400000,0x00000000ec400000,0x00000000ec400000)
  from space 2560K, 99% used [0x00000000ec400000,0x00000000ec67f350,0x00000000ec680000)
  to   space 2560K, 0% used [0x00000000ed680000,0x00000000ed680000,0x00000000ed900000)
 ParOldGen       total 44032K, used 2326K [0x00000000c1c00000, 0x00000000c4700000, 0x00000000eb400000)
  object space 44032K, 5% used [0x00000000c1c00000,0x00000000c1e45a10,0x00000000c4700000)
 Metaspace       used 12819K, capacity 13054K, committed 13184K, reserved 1060864K
  class space    used 1536K, capacity 1615K, committed 1664K, reserved 1048576K
Event: 23.786 GC heap after
Heap after GC invocations=4 (full 0):
 PSYoungGen      total 35328K, used 2549K [0x00000000eb400000, 0x00000000ed900000, 0x0000000100000000)
  eden space 32768K, 0% used [0x00000000eb400000,0x00000000eb400000,0x00000000ed400000)
  from space 2560K, 99% used [0x00000000ed680000,0x00000000ed8fd4c0,0x00000000ed900000)
  to   space 2560K, 0% used [0x00000000ed400000,0x00000000ed400000,0x00000000ed680000)
 ParOldGen       total 44032K, used 3883K [0x00000000c1c00000, 0x00000000c4700000, 0x00000000eb400000)
  object space 44032K, 8% used [0x00000000c1c00000,0x00000000c1fcadc8,0x00000000c4700000)
 Metaspace       used 12819K, capacity 13054K, committed 13184K, reserved 1060864K
  class space    used 1536K, capacity 1615K, committed 1664K, reserved 1048576K
}
Event: 29.239 GC heap before
{Heap before GC invocations=5 (full 0):
 PSYoungGen      total 35328K, used 35317K [0x00000000eb400000, 0x00000000ed900000, 0x0000000100000000)
  eden space 32768K, 100% used [0x00000000eb400000,0x00000000ed400000,0x00000000ed400000)
  from space 2560K, 99% used [0x00000000ed680000,0x00000000ed8fd4c0,0x00000000ed900000)
  to   space 2560K, 0% used [0x00000000ed400000,0x00000000ed400000,0x00000000ed680000)
 ParOldGen       total 44032K, used 3883K [0x00000000c1c00000, 0x00000000c4700000, 0x00000000eb400000)
  object space 44032K, 8% used [0x00000000c1c00000,0x00000000c1fcadc8,0x00000000c4700000)
 Metaspace       used 15820K, capacity 16206K, committed 16256K, reserved 1062912K
  class space    used 2012K, capacity 2138K, committed 2176K, reserved 1048576K
Event: 29.270 GC heap after
Heap after GC invocations=5 (full 0):
 PSYoungGen      total 35328K, used 2538K [0x00000000eb400000, 0x00000000eff00000, 0x0000000100000000)
  eden space 32768K, 0% used [0x00000000eb400000,0x00000000eb400000,0x00000000ed400000)
  from space 2560K, 99% used [0x00000000ed400000,0x00000000ed67a960,0x00000000ed680000)
  to   space 5632K, 0% used [0x00000000ef980000,0x00000000ef980000,0x00000000eff00000)
 ParOldGen       total 44032K, used 6576K [0x00000000c1c00000, 0x00000000c4700000, 0x00000000eb400000)
  object space 44032K, 14% used [0x00000000c1c00000,0x00000000c226c1b8,0x00000000c4700000)
 Metaspace       used 15820K, capacity 16206K, committed 16256K, reserved 1062912K
  class space    used 2012K, capacity 2138K, committed 2176K, reserved 1048576K
}
Event: 31.934 GC heap before
{Heap before GC invocations=6 (full 0):
 PSYoungGen      total 35328K, used 35306K [0x00000000eb400000, 0x00000000eff00000, 0x0000000100000000)
  eden space 32768K, 100% used [0x00000000eb400000,0x00000000ed400000,0x00000000ed400000)
  from space 2560K, 99% used [0x00000000ed400000,0x00000000ed67a960,0x00000000ed680000)
  to   space 5632K, 0% used [0x00000000ef980000,0x00000000ef980000,0x00000000eff00000)
 ParOldGen       total 44032K, used 6576K [0x00000000c1c00000, 0x00000000c4700000, 0x00000000eb400000)
  object space 44032K, 14% used [0x00000000c1c00000,0x00000000c226c1b8,0x00000000c4700000)
 Metaspace       used 19400K, capacity 19800K, committed 19968K, reserved 1067008K
  class space    used 2430K, capacity 2545K, committed 2560K, reserved 1048576K
Event: 31.975 GC heap after
Heap after GC invocations=6 (full 0):
 PSYoungGen      total 69632K, used 5624K [0x00000000eb400000, 0x00000000f0200000, 0x0000000100000000)
  eden space 64000K, 0% used [0x00000000eb400000,0x00000000eb400000,0x00000000ef280000)
  from space 5632K, 99% used [0x00000000ef980000,0x00000000efefe230,0x00000000eff00000)
  to   space 7168K, 0% used [0x00000000ef280000,0x00000000ef280000,0x00000000ef980000)
 ParOldGen       total 44032K, used 7389K [0x00000000c1c00000, 0x00000000c4700000, 0x00000000eb400000)
  object space 44032K, 16% used [0x00000000c1c00000,0x00000000c2337760,0x00000000c4700000)
 Metaspace       used 19400K, capacity 19800K, committed 19968K, reserved 1067008K
  class space    used 2430K, capacity 2545K, committed 2560K, reserved 1048576K
}
Event: 32.988 GC heap before
{Heap before GC invocations=7 (full 0):
 PSYoungGen      total 69632K, used 17275K [0x00000000eb400000, 0x00000000f0200000, 0x0000000100000000)
  eden space 64000K, 18% used [0x00000000eb400000,0x00000000ebf60dc0,0x00000000ef280000)
  from space 5632K, 99% used [0x00000000ef980000,0x00000000efefe230,0x00000000eff00000)
  to   space 7168K, 0% used [0x00000000ef280000,0x00000000ef280000,0x00000000ef980000)
 ParOldGen       total 44032K, used 7389K [0x00000000c1c00000, 0x00000000c4700000, 0x00000000eb400000)
  object space 44032K, 16% used [0x00000000c1c00000,0x00000000c2337760,0x00000000c4700000)
 Metaspace       used 20686K, capacity 21180K, committed 21248K, reserved 1067008K
  class space    used 2630K, capacity 2797K, committed 2816K, reserved 1048576K
Event: 33.013 GC heap after
Heap after GC invocations=7 (full 0):
 PSYoungGen      total 71168K, used 3153K [0x00000000eb400000, 0x00000000f0200000, 0x0000000100000000)
  eden space 64000K, 0% used [0x00000000eb400000,0x00000000eb400000,0x00000000ef280000)
  from space 7168K, 43% used [0x00000000ef280000,0x00000000ef594788,0x00000000ef980000)
  to   space 5632K, 0% used [0x00000000ef980000,0x00000000ef980000,0x00000000eff00000)
 ParOldGen       total 44032K, used 8615K [0x00000000c1c00000, 0x00000000c4700000, 0x00000000eb400000)
  object space 44032K, 19% used [0x00000000c1c00000,0x00000000c2469d98,0x00000000c4700000)
 Metaspace       used 20686K, capacity 21180K, committed 21248K, reserved 1067008K
  class space    used 2630K, capacity 2797K, committed 2816K, reserved 1048576K
}
Event: 33.013 GC heap before
{Heap before GC invocations=8 (full 1):
 PSYoungGen      total 71168K, used 3153K [0x00000000eb400000, 0x00000000f0200000, 0x0000000100000000)
  eden space 64000K, 0% used [0x00000000eb400000,0x00000000eb400000,0x00000000ef280000)
  from space 7168K, 43% used [0x00000000ef280000,0x00000000ef594788,0x00000000ef980000)
  to   space 5632K, 0% used [0x00000000ef980000,0x00000000ef980000,0x00000000eff00000)
 ParOldGen       total 44032K, used 8615K [0x00000000c1c00000, 0x00000000c4700000, 0x00000000eb400000)
  object space 44032K, 19% used [0x00000000c1c00000,0x00000000c2469d98,0x00000000c4700000)
 Metaspace       used 20686K, capacity 21180K, committed 21248K, reserved 1067008K
  class space    used 2630K, capacity 2797K, committed 2816K, reserved 1048576K
Event: 33.106 GC heap after
Heap after GC invocations=8 (full 1):
 PSYoungGen      total 71168K, used 0K [0x00000000eb400000, 0x00000000f0200000, 0x0000000100000000)
  eden space 64000K, 0% used [0x00000000eb400000,0x00000000eb400000,0x00000000ef280000)
  from space 7168K, 0% used [0x00000000ef280000,0x00000000ef280000,0x00000000ef980000)
  to   space 5632K, 0% used [0x00000000ef980000,0x00000000ef980000,0x00000000eff00000)
 ParOldGen       total 28160K, used 6251K [0x00000000c1c00000, 0x00000000c3780000, 0x00000000eb400000)
  object space 28160K, 22% used [0x00000000c1c00000,0x00000000c221add8,0x00000000c3780000)
 Metaspace       used 20686K, capacity 21180K, committed 21248K, reserved 1067008K
  class space    used 2630K, capacity 2797K, committed 2816K, reserved 1048576K
}

